nov 21, 2025 4:42:38 P. M. com.iescomercio.prog1.logger1.Principal main
INFO: Aplicación iniciada.
nov 21, 2025 4:42:43 P. M. com.iescomercio.prog1.logger1.Principal nModuloM
INFO: Línea Leída .10 % 3
nov 21, 2025 4:42:43 P. M. com.iescomercio.prog1.logger1.Principal nModuloM
FINE: Valor de n .10
nov 21, 2025 4:42:43 P. M. com.iescomercio.prog1.logger1.Principal nModuloM
FINE: Valor de m .3
nov 21, 2025 4:42:43 P. M. com.iescomercio.prog1.logger1.Principal nModuloM
INFO: Resultado : 1
nov 21, 2025 4:42:46 P. M. com.iescomercio.prog1.logger1.Principal nModuloM
INFO: Línea Leída .0 % 0
nov 21, 2025 4:42:46 P. M. com.iescomercio.prog1.logger1.Principal nModuloM
FINE: Valor de n .0
nov 21, 2025 4:42:46 P. M. com.iescomercio.prog1.logger1.Principal nModuloM
FINE: Valor de m .0
nov 21, 2025 4:42:46 P. M. com.iescomercio.prog1.logger1.Principal nModuloM
WARNING: Se devuelve -1
nov 21, 2025 4:42:46 P. M. com.iescomercio.prog1.logger1.Principal main
INFO: Aplicación finalizada.
nov 21, 2025 4:52:18 P. M. com.iescomercio.prog1.logger1.Principal main
INFO: Aplicación iniciada.
nov 21, 2025 4:52:22 P. M. com.iescomercio.prog1.logger1.Principal nModuloM
INFO: Línea Leída .10 % 3
nov 21, 2025 4:52:22 P. M. com.iescomercio.prog1.logger1.Principal nModuloM
FINE: Valor de n .10
nov 21, 2025 4:52:22 P. M. com.iescomercio.prog1.logger1.Principal nModuloM
FINE: Valor de m .3
nov 21, 2025 4:52:22 P. M. com.iescomercio.prog1.logger1.Principal nModuloM
INFO: Resultado : 1
nov 21, 2025 4:52:26 P. M. com.iescomercio.prog1.logger1.Principal nModuloM
INFO: Línea Leída .0 % 0
nov 21, 2025 4:52:26 P. M. com.iescomercio.prog1.logger1.Principal nModuloM
FINE: Valor de n .0
nov 21, 2025 4:52:26 P. M. com.iescomercio.prog1.logger1.Principal nModuloM
FINE: Valor de m .0
nov 21, 2025 4:52:26 P. M. com.iescomercio.prog1.logger1.Principal nModuloM
WARNING: Se devuelve -1
nov 21, 2025 4:52:26 P. M. com.iescomercio.prog1.logger1.Principal main
INFO: Aplicación finalizada.
nov 21, 2025 4:54:58 P. M. com.iescomercio.prog1.logger1.Principal nModuloM
WARNING: Se devuelve -1
